#
# There is insufficient memory for the Java Runtime Environment to continue.
# Native memory allocation (malloc) failed to allocate 32744 bytes for ChunkPool::allocate
# Possible reasons:
#   The system is out of physical RAM or swap space
#   In 32 bit mode, the process size limit was hit
# Possible solutions:
#   Reduce memory load on the system
#   Increase physical memory or swap space
#   Check if swap backing store is full
#   Use 64 bit Java on a 64 bit OS
#   Decrease Java heap size (-Xmx/-Xms)
#   Decrease number of Java threads
#   Decrease Java thread stack sizes (-Xss)
#   Set larger code cache with -XX:ReservedCodeCacheSize=
# This output file may be truncated or incomplete.
#
#  Out of Memory Error (allocation.cpp:273), pid=17644, tid=17264
#
# JRE version: Java(TM) SE Runtime Environment (8.0_60-b27) (build 1.8.0_60-b27)
# Java VM: Java HotSpot(TM) 64-Bit Server VM (25.60-b23 mixed mode windows-amd64 compressed oops)
# Failed to write core dump. Minidumps are not enabled by default on client versions of Windows
#

---------------  T H R E A D  ---------------

Current thread (0x0000000014314000):  JavaThread "C1 CompilerThread1" daemon [_thread_in_native, id=17264, stack(0x00000000153f0000,0x00000000154f0000)]

Stack: [0x00000000153f0000,0x00000000154f0000]
[error occurred during error reporting (printing stack bounds), id 0xc0000005]

Native frames: (J=compiled Java code, j=interpreted, Vv=VM code, C=native code)


Current CompileTask:
C1:    575  148       3       jdk.internal.org.objectweb.asm.Frame::execute (2252 bytes)


---------------  P R O C E S S  ---------------

Java Threads: ( => current thread )
  0x000000001431a800 JavaThread "Service Thread" daemon [_thread_blocked, id=13528, stack(0x00000000154f0000,0x00000000155f0000)]
=>0x0000000014314000 JavaThread "C1 CompilerThread1" daemon [_thread_in_native, id=17264, stack(0x00000000153f0000,0x00000000154f0000)]
  0x00000000142b8800 JavaThread "C2 CompilerThread0" daemon [_thread_blocked, id=9224, stack(0x00000000152f0000,0x00000000153f0000)]
  0x00000000142b7800 JavaThread "Attach Listener" daemon [_thread_blocked, id=18292, stack(0x00000000151f0000,0x00000000152f0000)]
  0x00000000142b6800 JavaThread "Signal Dispatcher" daemon [_thread_blocked, id=19308, stack(0x00000000150f0000,0x00000000151f0000)]
  0x0000000002083000 JavaThread "Finalizer" daemon [_thread_blocked, id=19440, stack(0x0000000014f10000,0x0000000015010000)]
  0x000000000207b000 JavaThread "Reference Handler" daemon [_thread_blocked, id=17764, stack(0x0000000014e10000,0x0000000014f10000)]
  0x0000000001f90800 JavaThread "main" [_thread_in_vm, id=18020, stack(0x0000000001e90000,0x0000000001f90000)]

Other Threads:
  0x0000000014285800 VMThread [stack: 0x0000000014d10000,0x0000000014e10000] [id=14636]
  0x0000000014328000 WatcherThread [stack: 0x00000000155f0000,0x00000000156f0000] [id=19252]

VM state:not at safepoint (normal execution)

VM Mutex/Monitor currently owned by a thread: None

Heap:
 PSYoungGen      total 17920K, used 1848K [0x00000000ec000000, 0x00000000ed400000, 0x0000000100000000)
  eden space 15360K, 12% used [0x00000000ec000000,0x00000000ec1ce220,0x00000000ecf00000)
  from space 2560K, 0% used [0x00000000ed180000,0x00000000ed180000,0x00000000ed400000)
  to   space 2560K, 0% used [0x00000000ecf00000,0x00000000ecf00000,0x00000000ed180000)
 ParOldGen       total 40960K, used 0K [0x00000000c4000000, 0x00000000c6800000, 0x00000000ec000000)
  object space 40960K, 0% used [0x00000000c4000000,0x00000000c4000000,0x00000000c6800000)
 Metaspace       used 4121K, capacity 4698K, committed 4992K, reserved 1056768K
  class space    used 488K, capacity 558K, committed 640K, reserved 1048576K

Card table byte_map: [0x0000000011450000,0x0000000011640000] byte_map_base: 0x0000000010e30000

Marking Bits: (ParMarkBitMap*) 0x000000005614a5b0
 Begin Bits: [0x0000000011980000, 0x0000000012880000)
 End Bits:   [0x0000000012880000, 0x0000000013780000)

Polling page: 0x0000000001d90000

CodeCache: size=245760Kb used=1307Kb max_used=1307Kb free=244452Kb
 bounds [0x0000000002090000, 0x0000000002300000, 0x0000000011090000]
 total_blobs=414 nmethods=151 adapters=177
 compilation: enabled

Compilation events (10 events):
Event: 0.564 Thread 0x0000000014314000 nmethod 144 0x00000000021cf790 code [0x00000000021cf8e0, 0x00000000021cf9f0]
Event: 0.564 Thread 0x0000000014314000  143       1       java.lang.invoke.LambdaForm$Name::access$000 (5 bytes)
Event: 0.564 Thread 0x0000000014314000 nmethod 143 0x00000000021d5c10 code [0x00000000021d5d60, 0x00000000021d5e50]
Event: 0.564 Thread 0x0000000014314000  145       1       java.lang.invoke.LambdaForm$BasicType::access$100 (5 bytes)
Event: 0.565 Thread 0x0000000014314000 nmethod 145 0x00000000021d5ed0 code [0x00000000021d6020, 0x00000000021d6110]
Event: 0.565 Thread 0x0000000014314000  146       3       java.lang.StringBuilder::<init> (7 bytes)
Event: 0.565 Thread 0x0000000014314000 nmethod 146 0x00000000021d6190 code [0x00000000021d6300, 0x00000000021d65b0]
Event: 0.565 Thread 0x0000000014314000  147       1       java.lang.invoke.LambdaForm$BasicType::basicTypeClass (5 bytes)
Event: 0.565 Thread 0x0000000014314000 nmethod 147 0x00000000021d66d0 code [0x00000000021d6820, 0x00000000021d6930]
Event: 0.565 Thread 0x0000000014314000  148       3       jdk.internal.org.objectweb.asm.Frame::execute (2252 bytes)

GC Heap History (0 events):
No events

Deoptimization events (0 events):
No events

Internal exceptions (7 events):
Event: 0.181 Thread 0x0000000001f90800 Exception <a 'java/lang/NoSuchMethodError': Method sun.misc.Unsafe.defineClass(Ljava/lang/String;[BII)Ljava/lang/Class; name or signature does not match> (0x00000000ec00d060) thrown at [C:\re\workspace\8-2-build-windows-amd64-cygwin\jdk8u60\4407\hotspot\srMVµú»,Ç?
Event: 0.181 Thread 0x0000000001f90800 Exception <a 'java/lang/NoSuchMethodError': Method sun.misc.Unsafe.prefetchRead(Ljava/lang/Object;J)V name or signature does not match> (0x00000000ec00d348) thrown at [C:\re\workspace\8-2-build-windows-amd64-cygwin\jdk8u60\4407\hotspot\src\share\vm\prims\jÐ}ÑÄßÅÛ?
Event: 0.434 Thread 0x0000000001f90800 Exception <a 'java/security/PrivilegedActionException'> (0x00000000ec0d6920) thrown at [C:\re\workspace\8-2-build-windows-amd64-cygwin\jdk8u60\4407\hotspot\src\share\vm\prims\jvm.cpp, line 1386]
Event: 0.434 Thread 0x0000000001f90800 Exception <a 'java/security/PrivilegedActionException'> (0x00000000ec0d6b30) thrown at [C:\re\workspace\8-2-build-windows-amd64-cygwin\jdk8u60\4407\hotspot\src\share\vm\prims\jvm.cpp, line 1386]
Event: 0.438 Thread 0x0000000001f90800 Exception <a 'java/security/PrivilegedActionException'> (0x00000000ec0da6d8) thrown at [C:\re\workspace\8-2-build-windows-amd64-cygwin\jdk8u60\4407\hotspot\src\share\vm\prims\jvm.cpp, line 1386]
Event: 0.439 Thread 0x0000000001f90800 Exception <a 'java/security/PrivilegedActionException'> (0x00000000ec0da8e8) thrown at [C:\re\workspace\8-2-build-windows-amd64-cygwin\jdk8u60\4407\hotspot\src\share\vm\prims\jvm.cpp, line 1386]
Event: 0.451 Thread 0x0000000001f90800 Exception <a 'java/io/FileNotFoundException'> (0x00000000ec0dcdf8) thrown at [C:\re\workspace\8-2-build-windows-amd64-cygwin\jdk8u60\4407\hotspot\src\share\vm\prims\jni.cpp, line 709]

Events (10 events):
Event: 0.530 loading class java/lang/invoke/MethodHandleImpl$AsVarargsCollector
Event: 0.530 loading class java/lang/invoke/DelegatingMethodHandle
Event: 0.530 loading class java/lang/invoke/DelegatingMethodHandle done
Event: 0.530 loading class java/lang/invoke/MethodHandleImpl$AsVarargsCollector done
Event: 0.531 loading class java/lang/invoke/WrongMethodTypeException
Event: 0.531 loading class java/lang/invoke/WrongMethodTypeException done
Event: 0.535 loading class java/lang/invoke/MethodHandleImpl$Lazy
Event: 0.536 loading class java/lang/invoke/MethodHandleImpl$Lazy done
Event: 0.536 loading class java/lang/invoke/MethodHandleImpl$IntrinsicMethodHandle
Event: 0.536 loading class java/lang/invoke/MethodHandleImpl$IntrinsicMethodHandle done


Dynamic libraries:
0x00007ff65fb90000 - 0x00007ff65fbc7000 	C:\Program Files\Java\jre1.8.0_60\bin\javaw.exe
0x00007ffafec20000 - 0x00007ffafede1000 	C:\WINDOWS\SYSTEM32\ntdll.dll
0x00007ffafe300000 - 0x00007ffafe3ad000 	C:\WINDOWS\system32\KERNEL32.DLL
0x00007ffafb9b0000 - 0x00007ffafbb8d000 	C:\WINDOWS\system32\KERNELBASE.dll
0x00007ffafda50000 - 0x00007ffafdaf6000 	C:\WINDOWS\system32\ADVAPI32.dll
0x00007ffafe510000 - 0x00007ffafe5ad000 	C:\WINDOWS\system32\msvcrt.dll
0x00007ffafe5b0000 - 0x00007ffafe60b000 	C:\WINDOWS\system32\sechost.dll
0x00007ffafe680000 - 0x00007ffafe7a6000 	C:\WINDOWS\system32\RPCRT4.dll
0x00007ffafdf30000 - 0x00007ffafe07e000 	C:\WINDOWS\system32\USER32.dll
0x00007ffafe820000 - 0x00007ffafe9a6000 	C:\WINDOWS\system32\GDI32.dll
0x00007ffae6ad0000 - 0x00007ffae6d44000 	C:\WINDOWS\WinSxS\amd64_microsoft.windows.common-controls_6595b64144ccf1df_6.0.10240.16384_none_f41f7b285750ef43\COMCTL32.dll
0x00007ffafda10000 - 0x00007ffafda46000 	C:\WINDOWS\system32\IMM32.DLL
0x00007ffafe3b0000 - 0x00007ffafe50c000 	C:\WINDOWS\system32\MSCTF.dll
0x0000000056d00000 - 0x0000000056dd2000 	C:\Program Files\Java\jre1.8.0_60\bin\msvcr100.dll
0x0000000055940000 - 0x00000000561c9000 	C:\Program Files\Java\jre1.8.0_60\bin\server\jvm.dll
0x00007ffafdec0000 - 0x00007ffafdec8000 	C:\WINDOWS\system32\PSAPI.DLL
0x00007ffaf0920000 - 0x00007ffaf0929000 	C:\WINDOWS\SYSTEM32\WSOCK32.dll
0x00007ffafe7b0000 - 0x00007ffafe819000 	C:\WINDOWS\system32\WS2_32.dll
0x00007ffafe670000 - 0x00007ffafe678000 	C:\WINDOWS\system32\NSI.dll
0x00007ffaf98b0000 - 0x00007ffaf98d3000 	C:\WINDOWS\SYSTEM32\WINMM.dll
0x00007ffaf8930000 - 0x00007ffaf893a000 	C:\WINDOWS\SYSTEM32\VERSION.dll
0x00007ffaf9880000 - 0x00007ffaf98ac000 	C:\WINDOWS\SYSTEM32\WINMMBASE.dll
0x00007ffafb790000 - 0x00007ffafb7d4000 	C:\WINDOWS\system32\cfgmgr32.dll
0x00007ffaf9fa0000 - 0x00007ffaf9fc7000 	C:\WINDOWS\SYSTEM32\DEVOBJ.dll
0x0000000057280000 - 0x000000005728f000 	C:\Program Files\Java\jre1.8.0_60\bin\verify.dll
0x0000000057250000 - 0x0000000057279000 	C:\Program Files\Java\jre1.8.0_60\bin\java.dll
0x0000000057230000 - 0x0000000057246000 	C:\Program Files\Java\jre1.8.0_60\bin\zip.dll
0x00007ffafc2d0000 - 0x00007ffafd7f2000 	C:\WINDOWS\system32\SHELL32.dll
0x00007ffafbc40000 - 0x00007ffafc268000 	C:\WINDOWS\system32\windows.storage.dll
0x00007ffafe080000 - 0x00007ffafe2fc000 	C:\WINDOWS\system32\combase.dll
0x00007ffafdd90000 - 0x00007ffafdde1000 	C:\WINDOWS\system32\shlwapi.dll
0x00007ffafb650000 - 0x00007ffafb65f000 	C:\WINDOWS\system32\kernel.appcore.dll
0x00007ffafb6d0000 - 0x00007ffafb783000 	C:\WINDOWS\system32\shcore.dll
0x00007ffafb660000 - 0x00007ffafb6aa000 	C:\WINDOWS\system32\powrprof.dll
0x00007ffafb6b0000 - 0x00007ffafb6c3000 	C:\WINDOWS\system32\profapi.dll
0x0000000056b10000 - 0x0000000056ca8000 	C:\Program Files\Java\jre1.8.0_60\bin\awt.dll
0x00007ffafd950000 - 0x00007ffafda0e000 	C:\WINDOWS\system32\OLEAUT32.dll
0x00007ffaf9d80000 - 0x00007ffaf9df8000 	C:\WINDOWS\system32\apphelp.dll

VM Arguments:
jvm_args: -Dfile.encoding=Cp1252 
java_command: GroupProject.EventViewerTest
java_class_path (initial): C:\Users\Ellie\workspace\GroupProject\bin;C:\Users\Ellie\Documents\DatePicker\DatePicker\DatePicker-V0.99-2006.09.01.jar;C:\Users\Ellie\workspace\GroupProject\miglayout15-swing.jar
Launcher Type: SUN_STANDARD

Environment Variables:
JAVA_HOME=C:\Program Files (x86)\Java\jdk1.7.0_55
PATH=C:\ProgramData\Oracle\Java\javapath;C:\WINDOWS\system32;C:\WINDOWS;C:\WINDOWS\System32\Wbem;C:\WINDOWS\System32\WindowsPowerShell\v1.0\;C:\Program Files\MongoDB\Server\3.0\bin;C:\Program Files (x86)\Git\cmd;C:\Ruby22\bin;C:\Users\Ellie\AppData\Roaming\npm;C:\Program Files\nodejs\;C:\Program Files (x86)\nodejs
USERNAME=Ellie
OS=Windows_NT
PROCESSOR_IDENTIFIER=AMD64 Family 16 Model 6 Stepping 3, AuthenticAMD



---------------  S Y S T E M  ---------------

OS: Windows 10.0 , 64 bit Build 10240 (10.0.10240.16384)

CPU:total 2 (2 cores per cpu, 1 threads per core) family 16 model 6 stepping 3, cmov, cx8, fxsr, mmx, sse, sse2, sse3, popcnt, mmxext, 3dnowpref, lzcnt, sse4a, tsc, tscinvbit, tscinv

Memory: 4k page, physical 3926932k(185640k free), swap 15985556k(4304k free)

vm_info: Java HotSpot(TM) 64-Bit Server VM (25.60-b23) for windows-amd64 JRE (1.8.0_60-b27), built on Aug  4 2015 11:06:27 by "java_re" with MS VC++ 10.0 (VS2010)

time: Thu Nov 12 16:08:03 2015
elapsed time: 0 seconds (0d 0h 0m 0s)

